optimum: 
	type	time	proportion
	0	10000	0.94
	1	232.197	0.06
bootstrap: 0
	type	time	proportion
	0	10000	0.94
	1	308.196	0.06
bootstrap: 1
	type	time	proportion
	0	10000	0.94
	1	278.417	0.06
bootstrap: 2
	type	time	proportion
	0	10000	0.94
	1	244.786	0.06
bootstrap: 3
	type	time	proportion
	0	10000	0.94
	1	238.711	0.06
bootstrap: 4
	type	time	proportion
	0	10000	0.94
	1	174.154	0.06
bootstrap: 5
	type	time	proportion
	0	10000	0.94
	1	205.452	0.06
bootstrap: 6
	type	time	proportion
	0	10000	0.94
	1	254.16	0.06
bootstrap: 7
	type	time	proportion
	0	10000	0.94
	1	233.43	0.06
bootstrap: 8
	type	time	proportion
	0	10000	0.94
	1	266.099	0.06
bootstrap: 9
	type	time	proportion
	0	10000	0.94
	1	282.442	0.06
bootstrap: 10
	type	time	proportion
	0	10000	0.94
	1	253.216	0.06
bootstrap: 11
	type	time	proportion
	0	10000	0.94
	1	292.321	0.06
bootstrap: 12
	type	time	proportion
	0	10000	0.94
	1	203.788	0.06
bootstrap: 13
	type	time	proportion
	0	10000	0.94
	1	411.69	0.06
bootstrap: 14
	type	time	proportion
	0	10000	0.94
	1	275.665	0.06
bootstrap: 15
	type	time	proportion
	0	10000	0.94
	1	168.799	0.06
bootstrap: 16
	type	time	proportion
	0	10000	0.94
	1	214.929	0.06
bootstrap: 17
	type	time	proportion
	0	10000	0.94
	1	186.736	0.06
bootstrap: 18
	type	time	proportion
	0	10000	0.94
	1	185.48	0.06
bootstrap: 19
	type	time	proportion
	0	10000	0.94
	1	386.237	0.06
bootstrap: 20
	type	time	proportion
	0	10000	0.94
	1	214.22	0.06
bootstrap: 21
	type	time	proportion
	0	10000	0.94
	1	199.559	0.06
bootstrap: 22
	type	time	proportion
	0	10000	0.94
	1	192.492	0.06
bootstrap: 23
	type	time	proportion
	0	10000	0.94
	1	167.826	0.06
bootstrap: 24
	type	time	proportion
	0	10000	0.94
	1	377.302	0.06
bootstrap: 25
	type	time	proportion
	0	10000	0.94
	1	184.284	0.06
bootstrap: 26
	type	time	proportion
	0	10000	0.94
	1	120.79	0.06
bootstrap: 27
	type	time	proportion
	0	10000	0.94
	1	212.033	0.06
bootstrap: 28
	type	time	proportion
	0	10000	0.94
	1	211.119	0.06
bootstrap: 29
	type	time	proportion
	0	10000	0.94
	1	653.728	0.06
bootstrap: 30
	type	time	proportion
	0	10000	0.94
	1	346.502	0.06
bootstrap: 31
	type	time	proportion
	0	10000	0.94
	1	247.111	0.06
bootstrap: 32
	type	time	proportion
	0	10000	0.94
	1	237.69	0.06
bootstrap: 33
	type	time	proportion
	0	10000	0.94
	1	270.581	0.06
bootstrap: 34
	type	time	proportion
	0	10000	0.94
	1	438.417	0.06
bootstrap: 35
	type	time	proportion
	0	10000	0.94
	1	200.736	0.06
bootstrap: 36
	type	time	proportion
	0	10000	0.94
	1	351.266	0.06
bootstrap: 37
	type	time	proportion
	0	10000	0.94
	1	156.41	0.06
bootstrap: 38
	type	time	proportion
	0	10000	0.94
	1	260.955	0.06
bootstrap: 39
	type	time	proportion
	0	10000	0.94
	1	313.796	0.06
bootstrap: 40
	type	time	proportion
	0	10000	0.94
	1	443.687	0.06
bootstrap: 41
	type	time	proportion
	0	10000	0.94
	1	219.062	0.06
bootstrap: 42
	type	time	proportion
	0	10000	0.94
	1	247.52	0.06
bootstrap: 43
	type	time	proportion
	0	10000	0.94
	1	408.181	0.06
bootstrap: 44
	type	time	proportion
	0	10000	0.94
	1	255.151	0.06
bootstrap: 45
	type	time	proportion
	0	10000	0.94
	1	279.943	0.06
bootstrap: 46
	type	time	proportion
	0	10000	0.94
	1	244.768	0.06
bootstrap: 47
	type	time	proportion
	0	10000	0.94
	1	216.845	0.06
bootstrap: 48
	type	time	proportion
	0	10000	0.94
	1	274.595	0.06
bootstrap: 49
	type	time	proportion
	0	10000	0.94
	1	214.045	0.06
bootstrap: 50
	type	time	proportion
	0	10000	0.94
	1	200.784	0.06
bootstrap: 51
	type	time	proportion
	0	10000	0.94
	1	799.193	0.06
bootstrap: 52
	type	time	proportion
	0	10000	0.94
	1	158.687	0.06
bootstrap: 53
	type	time	proportion
	0	10000	0.94
	1	626.388	0.06
bootstrap: 54
	type	time	proportion
	0	10000	0.94
	1	236.212	0.06
bootstrap: 55
	type	time	proportion
	0	10000	0.94
	1	400.286	0.06
bootstrap: 56
	type	time	proportion
	0	10000	0.94
	1	304.074	0.06
bootstrap: 57
	type	time	proportion
	0	10000	0.94
	1	401.764	0.06
bootstrap: 58
	type	time	proportion
	0	10000	0.94
	1	364.702	0.06
bootstrap: 59
	type	time	proportion
	0	10000	0.94
	1	221.502	0.06
bootstrap: 60
	type	time	proportion
	0	10000	0.94
	1	194.252	0.06
bootstrap: 61
	type	time	proportion
	0	10000	0.94
	1	248.998	0.06
bootstrap: 62
	type	time	proportion
	0	10000	0.94
	1	146.339	0.06
bootstrap: 63
	type	time	proportion
	0	10000	0.94
	1	300.613	0.06
bootstrap: 64
	type	time	proportion
	0	10000	0.94
	1	256.425	0.06
bootstrap: 65
	type	time	proportion
	0	10000	0.94
	1	307.234	0.06
bootstrap: 66
	type	time	proportion
	0	10000	0.94
	1	414.286	0.06
bootstrap: 67
	type	time	proportion
	0	10000	0.94
	1	200.61	0.06
bootstrap: 68
	type	time	proportion
	0	10000	0.94
	1	279.535	0.06
bootstrap: 69
	type	time	proportion
	0	10000	0.94
	1	430.882	0.06
bootstrap: 70
	type	time	proportion
	0	10000	0.94
	1	272.817	0.06
bootstrap: 71
	type	time	proportion
	0	10000	0.94
	1	240.081	0.06
bootstrap: 72
	type	time	proportion
	0	10000	0.94
	1	189.914	0.06
bootstrap: 73
	type	time	proportion
	0	10000	0.94
	1	288.548	0.06
bootstrap: 74
	type	time	proportion
	0	10000	0.94
	1	235.629	0.06
bootstrap: 75
	type	time	proportion
	0	10000	0.94
	1	235.881	0.06
bootstrap: 76
	type	time	proportion
	0	10000	0.94
	1	394.511	0.06
bootstrap: 77
	type	time	proportion
	0	10000	0.94
	1	413.295	0.06
bootstrap: 78
	type	time	proportion
	0	10000	0.94
	1	349.944	0.06
bootstrap: 79
	type	time	proportion
	0	10000	0.94
	1	180.018	0.06
