optimum: 
	type	time	proportion
	0	10000	0.95
	1	249.406	0.05
bootstrap: 0
	type	time	proportion
	0	10000	0.95
	1	208.776	0.05
bootstrap: 1
	type	time	proportion
	0	10000	0.95
	1	216.563	0.05
bootstrap: 2
	type	time	proportion
	0	10000	0.95
	1	258.204	0.05
bootstrap: 3
	type	time	proportion
	0	10000	0.95
	1	209.389	0.05
bootstrap: 4
	type	time	proportion
	0	10000	0.95
	1	348.106	0.05
bootstrap: 5
	type	time	proportion
	0	10000	0.95
	1	203.176	0.05
bootstrap: 6
	type	time	proportion
	0	10000	0.95
	1	302.187	0.05
bootstrap: 7
	type	time	proportion
	0	10000	0.95
	1	343.275	0.05
bootstrap: 8
	type	time	proportion
	0	10000	0.95
	1	400.238	0.05
bootstrap: 9
	type	time	proportion
	0	10000	0.95
	1	657.315	0.05
bootstrap: 10
	type	time	proportion
	0	10000	0.95
	1	212.82	0.05
bootstrap: 11
	type	time	proportion
	0	10000	0.95
	1	201.746	0.05
bootstrap: 12
	type	time	proportion
	0	10000	0.95
	1	294.905	0.05
bootstrap: 13
	type	time	proportion
	0	10000	0.95
	1	152.095	0.05
bootstrap: 14
	type	time	proportion
	0	10000	0.95
	1	313.592	0.05
bootstrap: 15
	type	time	proportion
	0	10000	0.95
	1	278.796	0.05
bootstrap: 16
	type	time	proportion
	0	10000	0.95
	1	224.759	0.05
bootstrap: 17
	type	time	proportion
	0	10000	0.95
	1	440.887	0.05
bootstrap: 18
	type	time	proportion
	0	10000	0.95
	1	236.639	0.05
bootstrap: 19
	type	time	proportion
	0	10000	0.95
	1	175.313	0.05
bootstrap: 20
	type	time	proportion
	0	10000	0.95
	1	352.384	0.05
bootstrap: 21
	type	time	proportion
	0	10000	0.95
	1	170.819	0.05
bootstrap: 22
	type	time	proportion
	0	10000	0.95
	1	236.32	0.05
bootstrap: 23
	type	time	proportion
	0	10000	0.95
	1	164.9	0.05
bootstrap: 24
	type	time	proportion
	0	10000	0.95
	1	247.003	0.05
bootstrap: 25
	type	time	proportion
	0	10000	0.95
	1	253.907	0.05
bootstrap: 26
	type	time	proportion
	0	10000	0.95
	1	168.992	0.05
bootstrap: 27
	type	time	proportion
	0	10000	0.95
	1	394.433	0.05
bootstrap: 28
	type	time	proportion
	0	10000	0.95
	1	346.58	0.05
bootstrap: 29
	type	time	proportion
	0	10000	0.95
	1	194.289	0.05
bootstrap: 30
	type	time	proportion
	0	10000	0.95
	1	179.94	0.05
bootstrap: 31
	type	time	proportion
	0	10000	0.95
	1	216.563	0.05
bootstrap: 32
	type	time	proportion
	0	10000	0.95
	1	451.756	0.05
bootstrap: 33
	type	time	proportion
	0	10000	0.95
	1	315.731	0.05
bootstrap: 34
	type	time	proportion
	0	10000	0.95
	1	194.222	0.05
bootstrap: 35
	type	time	proportion
	0	10000	0.95
	1	230.972	0.05
bootstrap: 36
	type	time	proportion
	0	10000	0.95
	1	177.392	0.05
bootstrap: 37
	type	time	proportion
	0	10000	0.95
	1	203.428	0.05
bootstrap: 38
	type	time	proportion
	0	10000	0.95
	1	421.773	0.05
bootstrap: 39
	type	time	proportion
	0	10000	0.95
	1	259.411	0.05
bootstrap: 40
	type	time	proportion
	0	10000	0.95
	1	367.046	0.05
bootstrap: 41
	type	time	proportion
	0	10000	0.95
	1	153.748	0.05
bootstrap: 42
	type	time	proportion
	0	10000	0.95
	1	247.46	0.05
bootstrap: 43
	type	time	proportion
	0	10000	0.95
	1	277.804	0.05
bootstrap: 44
	type	time	proportion
	0	10000	0.95
	1	481.127	0.05
bootstrap: 45
	type	time	proportion
	0	10000	0.95
	1	218.401	0.05
bootstrap: 46
	type	time	proportion
	0	10000	0.95
	1	348.875	0.05
bootstrap: 47
	type	time	proportion
	0	10000	0.95
	1	202.515	0.05
bootstrap: 48
	type	time	proportion
	0	10000	0.95
	1	378.955	0.05
bootstrap: 49
	type	time	proportion
	0	10000	0.95
	1	360.658	0.05
bootstrap: 50
	type	time	proportion
	0	10000	0.95
	1	605.34	0.05
bootstrap: 51
	type	time	proportion
	0	10000	0.95
	1	390.408	0.05
bootstrap: 52
	type	time	proportion
	0	10000	0.95
	1	319.396	0.05
bootstrap: 53
	type	time	proportion
	0	10000	0.95
	1	222.572	0.05
bootstrap: 54
	type	time	proportion
	0	10000	0.95
	1	192.811	0.05
bootstrap: 55
	type	time	proportion
	0	10000	0.95
	1	357.119	0.05
bootstrap: 56
	type	time	proportion
	0	10000	0.95
	1	248.619	0.05
bootstrap: 57
	type	time	proportion
	0	10000	0.95
	1	200.676	0.05
bootstrap: 58
	type	time	proportion
	0	10000	0.95
	1	287.574	0.05
bootstrap: 59
	type	time	proportion
	0	10000	0.95
	1	196.458	0.05
bootstrap: 60
	type	time	proportion
	0	10000	0.95
	1	380.103	0.05
bootstrap: 61
	type	time	proportion
	0	10000	0.95
	1	171.918	0.05
bootstrap: 62
	type	time	proportion
	0	10000	0.95
	1	222.638	0.05
bootstrap: 63
	type	time	proportion
	0	10000	0.95
	1	246.859	0.05
bootstrap: 64
	type	time	proportion
	0	10000	0.95
	1	237.437	0.05
bootstrap: 65
	type	time	proportion
	0	10000	0.95
	1	317.996	0.05
bootstrap: 66
	type	time	proportion
	0	10000	0.95
	1	316.013	0.05
bootstrap: 67
	type	time	proportion
	0	10000	0.95
	1	271.873	0.05
bootstrap: 68
	type	time	proportion
	0	10000	0.95
	1	181.262	0.05
bootstrap: 69
	type	time	proportion
	0	10000	0.95
	1	208.794	0.05
bootstrap: 70
	type	time	proportion
	0	10000	0.95
	1	279.03	0.05
bootstrap: 71
	type	time	proportion
	0	10000	0.95
	1	199.666	0.05
bootstrap: 72
	type	time	proportion
	0	10000	0.95
	1	389.242	0.05
bootstrap: 73
	type	time	proportion
	0	10000	0.95
	1	188.923	0.05
bootstrap: 74
	type	time	proportion
	0	10000	0.95
	1	274.547	0.05
bootstrap: 75
	type	time	proportion
	0	10000	0.95
	1	185.258	0.05
bootstrap: 76
	type	time	proportion
	0	10000	0.95
	1	204.654	0.05
bootstrap: 77
	type	time	proportion
	0	10000	0.95
	1	180.823	0.05
bootstrap: 78
	type	time	proportion
	0	10000	0.95
	1	286.913	0.05
bootstrap: 79
	type	time	proportion
	0	10000	0.95
	1	179.862	0.05
