optimum: 
	type	time	proportion
	0	10000	0.992
	1	293.943	0.008
bootstrap: 0
	type	time	proportion
	0	10000	0.992
	1	333.192	0.008
bootstrap: 1
	type	time	proportion
	0	10000	0.992
	1	335.331	0.008
bootstrap: 2
	type	time	proportion
	0	10000	0.992
	1	319.757	0.008
bootstrap: 3
	type	time	proportion
	0	10000	0.992
	1	312.931	0.008
bootstrap: 4
	type	time	proportion
	0	10000	0.992
	1	411.156	0.008
bootstrap: 5
	type	time	proportion
	0	10000	0.992
	1	375.037	0.008
bootstrap: 6
	type	time	proportion
	0	10000	0.992
	1	316.14	0.008
bootstrap: 7
	type	time	proportion
	0	10000	0.992
	1	222.193	0.008
bootstrap: 8
	type	time	proportion
	0	10000	0.992
	1	297.297	0.008
bootstrap: 9
	type	time	proportion
	0	10000	0.992
	1	476.5	0.008
bootstrap: 10
	type	time	proportion
	0	10000	0.992
	1	334.611	0.008
bootstrap: 11
	type	time	proportion
	0	10000	0.992
	1	390.816	0.008
bootstrap: 12
	type	time	proportion
	0	10000	0.992
	1	284.63	0.008
bootstrap: 13
	type	time	proportion
	0	10000	0.992
	1	420.878	0.008
bootstrap: 14
	type	time	proportion
	0	10000	0.992
	1	319.552	0.008
bootstrap: 15
	type	time	proportion
	0	10000	0.992
	1	328.818	0.008
bootstrap: 16
	type	time	proportion
	0	10000	0.992
	1	389.086	0.008
bootstrap: 17
	type	time	proportion
	0	10000	0.992
	1	249.755	0.008
bootstrap: 18
	type	time	proportion
	0	10000	0.992
	1	298.726	0.008
bootstrap: 19
	type	time	proportion
	0	10000	0.992
	1	408.608	0.008
bootstrap: 20
	type	time	proportion
	0	10000	0.992
	1	286.973	0.008
bootstrap: 21
	type	time	proportion
	0	10000	0.992
	1	348.797	0.008
bootstrap: 22
	type	time	proportion
	0	10000	0.992
	1	270.882	0.008
bootstrap: 23
	type	time	proportion
	0	10000	0.992
	1	471.706	0.008
bootstrap: 24
	type	time	proportion
	0	10000	0.992
	1	345.054	0.008
bootstrap: 25
	type	time	proportion
	0	10000	0.992
	1	501.106	0.008
bootstrap: 26
	type	time	proportion
	0	10000	0.992
	1	455.217	0.008
bootstrap: 27
	type	time	proportion
	0	10000	0.992
	1	341.184	0.008
bootstrap: 28
	type	time	proportion
	0	10000	0.992
	1	383.125	0.008
bootstrap: 29
	type	time	proportion
	0	10000	0.992
	1	281.313	0.008
bootstrap: 30
	type	time	proportion
	0	10000	0.992
	1	312.931	0.008
bootstrap: 31
	type	time	proportion
	0	10000	0.992
	1	467.331	0.008
bootstrap: 32
	type	time	proportion
	0	10000	0.992
	1	243.65	0.008
bootstrap: 33
	type	time	proportion
	0	10000	0.992
	1	311.405	0.008
bootstrap: 34
	type	time	proportion
	0	10000	0.992
	1	322.245	0.008
bootstrap: 35
	type	time	proportion
	0	10000	0.992
	1	415.686	0.008
bootstrap: 36
	type	time	proportion
	0	10000	0.992
	1	435.617	0.008
bootstrap: 37
	type	time	proportion
	0	10000	0.992
	1	469.218	0.008
bootstrap: 38
	type	time	proportion
	0	10000	0.992
	1	269.229	0.008
bootstrap: 39
	type	time	proportion
	0	10000	0.992
	1	380.842	0.008
bootstrap: 40
	type	time	proportion
	0	10000	0.992
	1	397.233	0.008
bootstrap: 41
	type	time	proportion
	0	10000	0.992
	1	401.025	0.008
bootstrap: 42
	type	time	proportion
	0	10000	0.992
	1	284.143	0.008
bootstrap: 43
	type	time	proportion
	0	10000	0.992
	1	412.856	0.008
bootstrap: 44
	type	time	proportion
	0	10000	0.992
	1	561.151	0.008
bootstrap: 45
	type	time	proportion
	0	10000	0.992
	1	312.27	0.008
bootstrap: 46
	type	time	proportion
	0	10000	0.992
	1	244.768	0.008
bootstrap: 47
	type	time	proportion
	0	10000	0.992
	1	403.651	0.008
bootstrap: 48
	type	time	proportion
	0	10000	0.992
	1	353.58	0.008
bootstrap: 49
	type	time	proportion
	0	10000	0.992
	1	378.654	0.008
bootstrap: 50
	type	time	proportion
	0	10000	0.992
	1	335.127	0.008
bootstrap: 51
	type	time	proportion
	0	10000	0.992
	1	389.795	0.008
bootstrap: 52
	type	time	proportion
	0	10000	0.992
	1	203.506	0.008
bootstrap: 53
	type	time	proportion
	0	10000	0.992
	1	331.053	0.008
bootstrap: 54
	type	time	proportion
	0	10000	0.992
	1	278.766	0.008
bootstrap: 55
	type	time	proportion
	0	10000	0.992
	1	463.354	0.008
bootstrap: 56
	type	time	proportion
	0	10000	0.992
	1	260.294	0.008
bootstrap: 57
	type	time	proportion
	0	10000	0.992
	1	330.489	0.008
bootstrap: 58
	type	time	proportion
	0	10000	0.992
	1	477.306	0.008
bootstrap: 59
	type	time	proportion
	0	10000	0.992
	1	399.625	0.008
bootstrap: 60
	type	time	proportion
	0	10000	0.992
	1	287.43	0.008
bootstrap: 61
	type	time	proportion
	0	10000	0.992
	1	347.319	0.008
bootstrap: 62
	type	time	proportion
	0	10000	0.992
	1	425.186	0.008
bootstrap: 63
	type	time	proportion
	0	10000	0.992
	1	428.617	0.008
bootstrap: 64
	type	time	proportion
	0	10000	0.992
	1	279.613	0.008
bootstrap: 65
	type	time	proportion
	0	10000	0.992
	1	336.809	0.008
bootstrap: 66
	type	time	proportion
	0	10000	0.992
	1	341.028	0.008
bootstrap: 67
	type	time	proportion
	0	10000	0.992
	1	464.201	0.008
bootstrap: 68
	type	time	proportion
	0	10000	0.992
	1	256.328	0.008
bootstrap: 69
	type	time	proportion
	0	10000	0.992
	1	311.249	0.008
bootstrap: 70
	type	time	proportion
	0	10000	0.992
	1	348.611	0.008
bootstrap: 71
	type	time	proportion
	0	10000	0.992
	1	212.723	0.008
bootstrap: 72
	type	time	proportion
	0	10000	0.992
	1	330.188	0.008
bootstrap: 73
	type	time	proportion
	0	10000	0.992
	1	357.323	0.008
bootstrap: 74
	type	time	proportion
	0	10000	0.992
	1	388.833	0.008
bootstrap: 75
	type	time	proportion
	0	10000	0.992
	1	405.147	0.008
bootstrap: 76
	type	time	proportion
	0	10000	0.992
	1	276.278	0.008
bootstrap: 77
	type	time	proportion
	0	10000	0.992
	1	310.083	0.008
bootstrap: 78
	type	time	proportion
	0	10000	0.992
	1	415.356	0.008
bootstrap: 79
	type	time	proportion
	0	10000	0.992
	1	473.748	0.008
