optimum: 
	type	time	proportion
	0	10000	0.94
	1	189.001	0.06
bootstrap: 0
	type	time	proportion
	0	10000	0.94
	1	226.129	0.06
bootstrap: 1
	type	time	proportion
	0	10000	0.94
	1	227.667	0.06
bootstrap: 2
	type	time	proportion
	0	10000	0.94
	1	202.377	0.06
bootstrap: 3
	type	time	proportion
	0	10000	0.94
	1	237.515	0.06
bootstrap: 4
	type	time	proportion
	0	10000	0.94
	1	226.219	0.06
bootstrap: 5
	type	time	proportion
	0	10000	0.94
	1	179.91	0.06
bootstrap: 6
	type	time	proportion
	0	10000	0.94
	1	320.466	0.06
bootstrap: 7
	type	time	proportion
	0	10000	0.94
	1	116.241	0.06
bootstrap: 8
	type	time	proportion
	0	10000	0.94
	1	209.827	0.06
bootstrap: 9
	type	time	proportion
	0	10000	0.94
	1	195.34	0.06
bootstrap: 10
	type	time	proportion
	0	10000	0.94
	1	228.521	0.06
bootstrap: 11
	type	time	proportion
	0	10000	0.94
	1	184.86	0.06
bootstrap: 12
	type	time	proportion
	0	10000	0.94
	1	210.933	0.06
bootstrap: 13
	type	time	proportion
	0	10000	0.94
	1	196.644	0.06
bootstrap: 14
	type	time	proportion
	0	10000	0.94
	1	181.964	0.06
bootstrap: 15
	type	time	proportion
	0	10000	0.94
	1	259.351	0.06
bootstrap: 16
	type	time	proportion
	0	10000	0.94
	1	156.158	0.06
bootstrap: 17
	type	time	proportion
	0	10000	0.94
	1	219.411	0.06
bootstrap: 18
	type	time	proportion
	0	10000	0.94
	1	301.274	0.06
bootstrap: 19
	type	time	proportion
	0	10000	0.94
	1	150.461	0.06
bootstrap: 20
	type	time	proportion
	0	10000	0.94
	1	202.028	0.06
bootstrap: 21
	type	time	proportion
	0	10000	0.94
	1	216.972	0.06
bootstrap: 22
	type	time	proportion
	0	10000	0.94
	1	165.783	0.06
bootstrap: 23
	type	time	proportion
	0	10000	0.94
	1	319.144	0.06
bootstrap: 24
	type	time	proportion
	0	10000	0.94
	1	139.669	0.06
bootstrap: 25
	type	time	proportion
	0	10000	0.94
	1	231.477	0.06
bootstrap: 26
	type	time	proportion
	0	10000	0.94
	1	202.437	0.06
bootstrap: 27
	type	time	proportion
	0	10000	0.94
	1	180.979	0.06
bootstrap: 28
	type	time	proportion
	0	10000	0.94
	1	242.959	0.06
bootstrap: 29
	type	time	proportion
	0	10000	0.94
	1	203.759	0.06
bootstrap: 30
	type	time	proportion
	0	10000	0.94
	1	220.084	0.06
bootstrap: 31
	type	time	proportion
	0	10000	0.94
	1	213.102	0.06
bootstrap: 32
	type	time	proportion
	0	10000	0.94
	1	185.822	0.06
bootstrap: 33
	type	time	proportion
	0	10000	0.94
	1	156.187	0.06
bootstrap: 34
	type	time	proportion
	0	10000	0.94
	1	185.636	0.06
bootstrap: 35
	type	time	proportion
	0	10000	0.94
	1	238.964	0.06
bootstrap: 36
	type	time	proportion
	0	10000	0.94
	1	141.671	0.06
bootstrap: 37
	type	time	proportion
	0	10000	0.94
	1	252.964	0.06
bootstrap: 38
	type	time	proportion
	0	10000	0.94
	1	346.881	0.06
bootstrap: 39
	type	time	proportion
	0	10000	0.94
	1	239.558	0.06
bootstrap: 40
	type	time	proportion
	0	10000	0.94
	1	109.248	0.06
bootstrap: 41
	type	time	proportion
	0	10000	0.94
	1	157.004	0.06
bootstrap: 42
	type	time	proportion
	0	10000	0.94
	1	177.83	0.06
bootstrap: 43
	type	time	proportion
	0	10000	0.94
	1	230.719	0.06
bootstrap: 44
	type	time	proportion
	0	10000	0.94
	1	179.182	0.06
bootstrap: 45
	type	time	proportion
	0	10000	0.94
	1	235.755	0.06
bootstrap: 46
	type	time	proportion
	0	10000	0.94
	1	133.583	0.06
bootstrap: 47
	type	time	proportion
	0	10000	0.94
	1	161	0.06
bootstrap: 48
	type	time	proportion
	0	10000	0.94
	1	300.884	0.06
bootstrap: 49
	type	time	proportion
	0	10000	0.94
	1	196.049	0.06
bootstrap: 50
	type	time	proportion
	0	10000	0.94
	1	156.663	0.06
bootstrap: 51
	type	time	proportion
	0	10000	0.94
	1	316.957	0.06
bootstrap: 52
	type	time	proportion
	0	10000	0.94
	1	241.608	0.06
bootstrap: 53
	type	time	proportion
	0	10000	0.94
	1	235.629	0.06
bootstrap: 54
	type	time	proportion
	0	10000	0.94
	1	270.017	0.06
bootstrap: 55
	type	time	proportion
	0	10000	0.94
	1	196.049	0.06
bootstrap: 56
	type	time	proportion
	0	10000	0.94
	1	172.201	0.06
bootstrap: 57
	type	time	proportion
	0	10000	0.94
	1	176.167	0.06
bootstrap: 58
	type	time	proportion
	0	10000	0.94
	1	216.767	0.06
bootstrap: 59
	type	time	proportion
	0	10000	0.94
	1	216.749	0.06
bootstrap: 60
	type	time	proportion
	0	10000	0.94
	1	193.405	0.06
bootstrap: 61
	type	time	proportion
	0	10000	0.94
	1	154.271	0.06
bootstrap: 62
	type	time	proportion
	0	10000	0.94
	1	263.551	0.06
bootstrap: 63
	type	time	proportion
	0	10000	0.94
	1	175.602	0.06
bootstrap: 64
	type	time	proportion
	0	10000	0.94
	1	173.931	0.06
bootstrap: 65
	type	time	proportion
	0	10000	0.94
	1	145.834	0.06
bootstrap: 66
	type	time	proportion
	0	10000	0.94
	1	350.119	0.06
bootstrap: 67
	type	time	proportion
	0	10000	0.94
	1	207.628	0.06
bootstrap: 68
	type	time	proportion
	0	10000	0.94
	1	131.912	0.06
bootstrap: 69
	type	time	proportion
	0	10000	0.94
	1	250.29	0.06
bootstrap: 70
	type	time	proportion
	0	10000	0.94
	1	212.976	0.06
bootstrap: 71
	type	time	proportion
	0	10000	0.94
	1	161.127	0.06
bootstrap: 72
	type	time	proportion
	0	10000	0.94
	1	241.559	0.06
bootstrap: 73
	type	time	proportion
	0	10000	0.94
	1	166.66	0.06
bootstrap: 74
	type	time	proportion
	0	10000	0.94
	1	201.271	0.06
bootstrap: 75
	type	time	proportion
	0	10000	0.94
	1	222.416	0.06
bootstrap: 76
	type	time	proportion
	0	10000	0.94
	1	187.397	0.06
bootstrap: 77
	type	time	proportion
	0	10000	0.94
	1	222.067	0.06
bootstrap: 78
	type	time	proportion
	0	10000	0.94
	1	278.573	0.06
bootstrap: 79
	type	time	proportion
	0	10000	0.94
	1	215.037	0.06
