optimum: 
	type	time	proportion
	0	10000	0.91
	1	285.562	0.09
bootstrap: 0
	type	time	proportion
	0	10000	0.91
	1	248.559	0.09
bootstrap: 1
	type	time	proportion
	0	10000	0.91
	1	406.402	0.09
bootstrap: 2
	type	time	proportion
	0	10000	0.91
	1	288.8	0.09
bootstrap: 3
	type	time	proportion
	0	10000	0.91
	1	404.768	0.09
bootstrap: 4
	type	time	proportion
	0	10000	0.91
	1	362.389	0.09
bootstrap: 5
	type	time	proportion
	0	10000	0.91
	1	367.454	0.09
bootstrap: 6
	type	time	proportion
	0	10000	0.91
	1	290.23	0.09
bootstrap: 7
	type	time	proportion
	0	10000	0.91
	1	268.19	0.09
bootstrap: 8
	type	time	proportion
	0	10000	0.91
	1	222.98	0.09
bootstrap: 9
	type	time	proportion
	0	10000	0.91
	1	300	0.09
bootstrap: 10
	type	time	proportion
	0	10000	0.91
	1	472.162	0.09
bootstrap: 11
	type	time	proportion
	0	10000	0.91
	1	294.448	0.09
bootstrap: 12
	type	time	proportion
	0	10000	0.91
	1	469.314	0.09
bootstrap: 13
	type	time	proportion
	0	10000	0.91
	1	260.246	0.09
bootstrap: 14
	type	time	proportion
	0	10000	0.91
	1	374.443	0.09
bootstrap: 15
	type	time	proportion
	0	10000	0.91
	1	286.847	0.09
bootstrap: 16
	type	time	proportion
	0	10000	0.91
	1	223.641	0.09
bootstrap: 17
	type	time	proportion
	0	10000	0.91
	1	319.601	0.09
bootstrap: 18
	type	time	proportion
	0	10000	0.91
	1	242.707	0.09
bootstrap: 19
	type	time	proportion
	0	10000	0.91
	1	264.26	0.09
bootstrap: 20
	type	time	proportion
	0	10000	0.91
	1	300.817	0.09
bootstrap: 21
	type	time	proportion
	0	10000	0.91
	1	291.979	0.09
bootstrap: 22
	type	time	proportion
	0	10000	0.91
	1	425.594	0.09
bootstrap: 23
	type	time	proportion
	0	10000	0.91
	1	263.443	0.09
bootstrap: 24
	type	time	proportion
	0	10000	0.91
	1	246.108	0.09
bootstrap: 25
	type	time	proportion
	0	10000	0.91
	1	285.086	0.09
bootstrap: 26
	type	time	proportion
	0	10000	0.91
	1	223.671	0.09
bootstrap: 27
	type	time	proportion
	0	10000	0.91
	1	290.278	0.09
bootstrap: 28
	type	time	proportion
	0	10000	0.91
	1	282.881	0.09
bootstrap: 29
	type	time	proportion
	0	10000	0.91
	1	365.315	0.09
bootstrap: 30
	type	time	proportion
	0	10000	0.91
	1	333.649	0.09
bootstrap: 31
	type	time	proportion
	0	10000	0.91
	1	239.847	0.09
bootstrap: 32
	type	time	proportion
	0	10000	0.91
	1	273.003	0.09
bootstrap: 33
	type	time	proportion
	0	10000	0.91
	1	275.022	0.09
bootstrap: 34
	type	time	proportion
	0	10000	0.91
	1	238.05	0.09
bootstrap: 35
	type	time	proportion
	0	10000	0.91
	1	262.248	0.09
bootstrap: 36
	type	time	proportion
	0	10000	0.91
	1	197.768	0.09
bootstrap: 37
	type	time	proportion
	0	10000	0.91
	1	319.601	0.09
bootstrap: 38
	type	time	proportion
	0	10000	0.91
	1	256.551	0.09
bootstrap: 39
	type	time	proportion
	0	10000	0.91
	1	341.749	0.09
bootstrap: 40
	type	time	proportion
	0	10000	0.91
	1	291.882	0.09
bootstrap: 41
	type	time	proportion
	0	10000	0.91
	1	329.887	0.09
bootstrap: 42
	type	time	proportion
	0	10000	0.91
	1	274.235	0.09
bootstrap: 43
	type	time	proportion
	0	10000	0.91
	1	247.742	0.09
bootstrap: 44
	type	time	proportion
	0	10000	0.91
	1	201.746	0.09
bootstrap: 45
	type	time	proportion
	0	10000	0.91
	1	314.505	0.09
bootstrap: 46
	type	time	proportion
	0	10000	0.91
	1	309.266	0.09
bootstrap: 47
	type	time	proportion
	0	10000	0.91
	1	322.75	0.09
bootstrap: 48
	type	time	proportion
	0	10000	0.91
	1	403.086	0.09
bootstrap: 49
	type	time	proportion
	0	10000	0.91
	1	382.368	0.09
bootstrap: 50
	type	time	proportion
	0	10000	0.91
	1	255.95	0.09
bootstrap: 51
	type	time	proportion
	0	10000	0.91
	1	358.441	0.09
bootstrap: 52
	type	time	proportion
	0	10000	0.91
	1	211.438	0.09
bootstrap: 53
	type	time	proportion
	0	10000	0.91
	1	603.609	0.09
bootstrap: 54
	type	time	proportion
	0	10000	0.91
	1	344.957	0.09
bootstrap: 55
	type	time	proportion
	0	10000	0.91
	1	309.373	0.09
bootstrap: 56
	type	time	proportion
	0	10000	0.91
	1	373.619	0.09
bootstrap: 57
	type	time	proportion
	0	10000	0.91
	1	286.75	0.09
bootstrap: 58
	type	time	proportion
	0	10000	0.91
	1	293.739	0.09
bootstrap: 59
	type	time	proportion
	0	10000	0.91
	1	293.379	0.09
bootstrap: 60
	type	time	proportion
	0	10000	0.91
	1	378.595	0.09
bootstrap: 61
	type	time	proportion
	0	10000	0.91
	1	256.328	0.09
bootstrap: 62
	type	time	proportion
	0	10000	0.91
	1	204.167	0.09
bootstrap: 63
	type	time	proportion
	0	10000	0.91
	1	342.915	0.09
bootstrap: 64
	type	time	proportion
	0	10000	0.91
	1	328.536	0.09
bootstrap: 65
	type	time	proportion
	0	10000	0.91
	1	210.837	0.09
bootstrap: 66
	type	time	proportion
	0	10000	0.91
	1	302.897	0.09
bootstrap: 67
	type	time	proportion
	0	10000	0.91
	1	274.205	0.09
bootstrap: 68
	type	time	proportion
	0	10000	0.91
	1	218.45	0.09
bootstrap: 69
	type	time	proportion
	0	10000	0.91
	1	288.752	0.09
bootstrap: 70
	type	time	proportion
	0	10000	0.91
	1	247.683	0.09
bootstrap: 71
	type	time	proportion
	0	10000	0.91
	1	226.375	0.09
bootstrap: 72
	type	time	proportion
	0	10000	0.91
	1	450.122	0.09
bootstrap: 73
	type	time	proportion
	0	10000	0.91
	1	182.71	0.09
bootstrap: 74
	type	time	proportion
	0	10000	0.91
	1	310.996	0.09
bootstrap: 75
	type	time	proportion
	0	10000	0.91
	1	248.872	0.09
bootstrap: 76
	type	time	proportion
	0	10000	0.91
	1	367.346	0.09
bootstrap: 77
	type	time	proportion
	0	10000	0.91
	1	317.822	0.09
bootstrap: 78
	type	time	proportion
	0	10000	0.91
	1	260.168	0.09
bootstrap: 79
	type	time	proportion
	0	10000	0.91
	1	247.616	0.09
